app/build/intermediates/manifest_merge_blame_file/debug/manifest-merger-blame-debug-report.txt
1<?xml version="1.0" encoding="utf-8"?>
2<manifest xmlns:android="http://schemas.android.com/apk/res/android"
3    package="com.example.andorid.igapps"
4    android:versionCode="1"
5    android:versionName="1.0" >
6
7    <uses-sdk
8        android:minSdkVersion="15"
8-->src\main\AndroidManifest.xml
9        android:targetSdkVersion="29" />
9-->src\main\AndroidManifest.xml
10
11    <application
11-->src\main\AndroidManifest.xml:5:5-35:19
12        android:allowBackup="true"
12-->src\main\AndroidManifest.xml:6:9-35
13        android:appComponentFactory="androidx.core.app.CoreComponentFactory"
13-->[androidx.core:core:1.0.1] AndroidManifest.xml:22:18-86
14        android:debuggable="true"
15        android:icon="@mipmap/ic_launcher"
15-->src\main\AndroidManifest.xml:7:9-43
16        android:label="@string/app_name"
16-->src\main\AndroidManifest.xml:8:9-41
17        android:roundIcon="@mipmap/ic_launcher_round"
17-->src\main\AndroidManifest.xml:9:9-54
18        android:supportsRtl="true"
18-->src\main\AndroidManifest.xml:10:9-35
19        android:testOnly="true"
20        android:theme="@style/AppTheme" >
20-->src\main\AndroidManifest.xml:11:9-40
21        <activity android:name="com.example.andorid.igapps.ListView" >
21-->src\main\AndroidManifest.xml:12:9-18:20
21-->src\main\AndroidManifest.xml:12:19-43
22            <intent-filter>
22-->src\main\AndroidManifest.xml:13:13-17:29
23                <action android:name="android.intent.action.MAIN" />
23-->src\main\AndroidManifest.xml:14:17-69
23-->src\main\AndroidManifest.xml:14:25-66
24
25                <category android:name="android.intent.category.LAUNCHER" />
25-->src\main\AndroidManifest.xml:16:17-77
25-->src\main\AndroidManifest.xml:16:27-74
26            </intent-filter>
27        </activity>
28        <activity android:name="com.example.andorid.igapps.GridItem" />
28-->src\main\AndroidManifest.xml:19:9-46
28-->src\main\AndroidManifest.xml:19:19-43
29        <activity
29-->src\main\AndroidManifest.xml:20:9-27:20
30            android:name="com.example.andorid.igapps.Followers"
30-->src\main\AndroidManifest.xml:21:13-38
31            android:label="Followers"
31-->src\main\AndroidManifest.xml:22:13-38
32            android:parentActivityName="com.example.andorid.igapps.MainActivity" >
32-->src\main\AndroidManifest.xml:23:13-55
33            <meta-data
33-->src\main\AndroidManifest.xml:24:13-26:75
34                android:name="android.support.PARENT_ACTIVITY"
34-->src\main\AndroidManifest.xml:25:17-63
35                android:value="com.example.andorid.igapps.MainActivity" />
35-->src\main\AndroidManifest.xml:26:17-72
36        </activity>
37        <activity android:name="com.example.andorid.igapps.MainActivity" >
37-->src\main\AndroidManifest.xml:28:9-34:20
37-->src\main\AndroidManifest.xml:28:19-47
38            <intent-filter>
38-->src\main\AndroidManifest.xml:13:13-17:29
39                <action android:name="android.intent.action.MAIN" />
39-->src\main\AndroidManifest.xml:14:17-69
39-->src\main\AndroidManifest.xml:14:25-66
40
41                <category android:name="android.intent.category.LAUNCHER" />
41-->src\main\AndroidManifest.xml:16:17-77
41-->src\main\AndroidManifest.xml:16:27-74
42            </intent-filter>
43        </activity>
44    </application>
45
46</manifest>